<?xml version="1.0" encoding="UTF-8"?>
<!-- Generated by org.testng.reporters.JUnitReportReporter -->
<testsuite hostname="DESKTOP-MQ454D8" failures="0" tests="1" name="sethulearning.mavensetup.BusinesslogictwoTest" time="0.010" errors="0" timestamp="29 Mar 2022 10:13:39 GMT">
  <testcase classname="sethulearning.mavensetup.BusinesslogictwoTest" name="testMethod3" time="0.010"/>
</testsuite> <!-- sethulearning.mavensetup.BusinesslogictwoTest -->
