<?xml version="1.0" encoding="UTF-8"?>
<!-- Generated by org.testng.reporters.JUnitReportReporter -->
<testsuite hostname="DESKTOP-MQ454D8" failures="0" tests="2" name="sethulearning.mavensetup.Businesslogictwo" time="0.017" errors="0" timestamp="29 Mar 2022 05:53:00 GMT">
  <testcase classname="sethulearning.mavensetup.Businesslogictwo" name="testMethod3" time="0.016"/>
  <testcase classname="sethulearning.mavensetup.Businesslogictwo" name="testMethod4" time="0.001"/>
</testsuite> <!-- sethulearning.mavensetup.Businesslogictwo -->
