<?xml version="1.0" encoding="UTF-8"?>
<!-- Generated by org.testng.reporters.JUnitReportReporter -->
<testsuite hostname="DESKTOP-MQ454D8" failures="0" tests="2" name="sethulearning.mavensetup.BusinesslogicthreeTest" time="0.006" errors="0" timestamp="29 Mar 2022 18:34:37 GMT">
  <testcase classname="sethulearning.mavensetup.BusinesslogicthreeTest" name="testMethod6" time="0.004"/>
  <testcase classname="sethulearning.mavensetup.BusinesslogicthreeTest" name="testMethod5" time="0.002"/>
</testsuite> <!-- sethulearning.mavensetup.BusinesslogicthreeTest -->
