<?xml version="1.0" encoding="UTF-8"?>
<!-- Generated by org.testng.reporters.JUnitReportReporter -->
<testsuite hostname="DESKTOP-MQ454D8" failures="0" tests="4" name="sethulearning.mavensetup.BusinesslogiconeTest" time="0.059" errors="0" timestamp="29 Mar 2022 18:34:37 GMT">
  <testcase classname="sethulearning.mavensetup.BusinesslogiconeTest" name="testMethod1" time="0.005"/>
  <testcase classname="sethulearning.mavensetup.BusinesslogiconeTest" name="testMethod1" time="0.002"/>
  <testcase classname="sethulearning.mavensetup.BusinesslogiconeTest" name="testMethod2" time="0.048"/>
  <testcase classname="sethulearning.mavensetup.BusinesslogiconeTest" name="testMethod1" time="0.004"/>
</testsuite> <!-- sethulearning.mavensetup.BusinesslogiconeTest -->
