<?xml version="1.0" encoding="UTF-8"?>
<!-- Generated by org.testng.reporters.JUnitReportReporter -->
<testsuite hostname="DESKTOP-MQ454D8" failures="0" tests="1" name="sethulearning.mavensetup.BusinesslogictwoTest" time="0.001" errors="0" timestamp="29 Mar 2022 07:21:55 GMT">
  <testcase classname="sethulearning.mavensetup.BusinesslogictwoTest" name="testMethod3" time="0.001"/>
</testsuite> <!-- sethulearning.mavensetup.BusinesslogictwoTest -->
