<?xml version="1.0" encoding="UTF-8"?>
<!-- Generated by org.testng.reporters.JUnitReportReporter -->
<testsuite hostname="DESKTOP-MQ454D8" failures="0" tests="2" name="sethulearning.mavensetup.BusinesslogicfourTest" time="0.003" errors="0" timestamp="29 Mar 2022 07:21:55 GMT">
  <testcase classname="sethulearning.mavensetup.BusinesslogicfourTest" name="testMethod8" time="0.002"/>
  <testcase classname="sethulearning.mavensetup.BusinesslogicfourTest" name="testMethod7" time="0.001"/>
</testsuite> <!-- sethulearning.mavensetup.BusinesslogicfourTest -->
