<?xml version="1.0" encoding="UTF-8"?>
<!-- Generated by org.testng.reporters.JUnitReportReporter -->
<testsuite hostname="DESKTOP-MQ454D8" failures="0" tests="2" name="sethulearning.mavensetup.BusinesslogictwoTest" time="0.010" errors="0" timestamp="29 Mar 2022 18:34:37 GMT">
  <testcase classname="sethulearning.mavensetup.BusinesslogictwoTest" name="testMethod3" time="0.003"/>
  <testcase classname="sethulearning.mavensetup.BusinesslogictwoTest" name="testMethod4" time="0.007"/>
</testsuite> <!-- sethulearning.mavensetup.BusinesslogictwoTest -->
