<?xml version="1.0" encoding="UTF-8"?>
<!-- Generated by org.testng.reporters.JUnitReportReporter -->
<testsuite hostname="DESKTOP-MQ454D8" failures="0" tests="4" name="sethulearning.mavensetup.BusinesslogiconeTest" time="0.058" errors="0" timestamp="29 Mar 2022 07:21:55 GMT">
  <testcase classname="sethulearning.mavensetup.BusinesslogiconeTest" name="testMethod1" time="0.003"/>
  <testcase classname="sethulearning.mavensetup.BusinesslogiconeTest" name="testMethod1" time="0.005"/>
  <testcase classname="sethulearning.mavensetup.BusinesslogiconeTest" name="testMethod2" time="0.046"/>
  <testcase classname="sethulearning.mavensetup.BusinesslogiconeTest" name="testMethod1" time="0.004"/>
</testsuite> <!-- sethulearning.mavensetup.BusinesslogiconeTest -->
